
*** Running vivado
    with args -log whack_a_mole.vds -m64 -product Vivado -mode batch -messageDb vivado.pb -notrace -source whack_a_mole.tcl



****** Vivado v2024.1.2 (64-bit)
  **** SW Build 5164865 on Thu Sep  5 14:37:11 MDT 2024
  **** IP Build 5164407 on Fri Sep  6 08:18:11 MDT 2024
  **** SharedData Build 5164864 on Thu Sep 05 13:09:09 MDT 2024
  **** Start of session at: Thu Dec  5 03:59:34 2024
    ** Copyright 1986-2022 Xilinx, Inc. All Rights Reserved.
    ** Copyright 2022-2024 Advanced Micro Devices, Inc. All Rights Reserved.

source whack_a_mole.tcl -notrace
create_project: Time (s): cpu = 00:00:08 ; elapsed = 00:00:08 . Memory (MB): peak = 516.242 ; gain = 124.418
Command: read_checkpoint -auto_incremental -incremental C:/Users/BOBBY/Documents/GitHub/CSM152A/lab4/lab4/lab4.srcs/utils_1/imports/synth_1/whack_a_mole.dcp
INFO: [Vivado 12-5825] Read reference checkpoint from C:/Users/BOBBY/Documents/GitHub/CSM152A/lab4/lab4/lab4.srcs/utils_1/imports/synth_1/whack_a_mole.dcp for incremental synthesis
INFO: [Vivado 12-7989] Please ensure there are no constraint changes
Command: synth_design -top whack_a_mole -part xc7a35tcpg236-1
Starting synth_design
Attempting to get a license for feature 'Synthesis' and/or device 'xc7a35t'
INFO: [Common 17-349] Got license for feature 'Synthesis' and/or device 'xc7a35t'
INFO: [Device 21-403] Loading part xc7a35tcpg236-1
INFO: [Device 21-9227] Part: xc7a35tcpg236-1 does not have CEAM library.
INFO: [Designutils 20-5440] No compile time benefit to using incremental synthesis; A full resynthesis will be run
INFO: [Designutils 20-4379] Flow is switching to default flow due to incremental criteria not met. If you would like to alter this behaviour and have the flow terminate instead, please set the following parameter config_implementation {autoIncr.Synth.RejectBehavior Terminate}
INFO: [Synth 8-7079] Multithreading enabled for synth_design using a maximum of 2 processes.
INFO: [Synth 8-7078] Launching helper process for spawning children vivado processes
INFO: [Synth 8-7075] Helper process launched with PID 14856
---------------------------------------------------------------------------------
Starting RTL Elaboration : Time (s): cpu = 00:00:07 ; elapsed = 00:00:07 . Memory (MB): peak = 1370.551 ; gain = 448.246
---------------------------------------------------------------------------------
INFO: [Synth 8-6157] synthesizing module 'whack_a_mole' [C:/Users/BOBBY/Documents/GitHub/CSM152A/lab4/lab4/lab4.srcs/sources_1/imports/sources_1/new/whack_a_mole.v:23]
INFO: [Synth 8-6157] synthesizing module 'state_manager' [C:/Users/BOBBY/Documents/GitHub/CSM152A/lab4/lab4/lab4.srcs/sources_1/imports/sources_1/imports/Downloads/game.v:173]
INFO: [Synth 8-6157] synthesizing module 'game' [C:/Users/BOBBY/Documents/GitHub/CSM152A/lab4/lab4/lab4.srcs/sources_1/imports/sources_1/imports/Downloads/game.v:22]
INFO: [Synth 8-6157] synthesizing module 'lfsr' [C:/Users/BOBBY/Documents/GitHub/CSM152A/lab4/lab4/lab4.srcs/sources_1/imports/sources_1/imports/Downloads/helpers.v:163]
INFO: [Synth 8-6155] done synthesizing module 'lfsr' (0#1) [C:/Users/BOBBY/Documents/GitHub/CSM152A/lab4/lab4/lab4.srcs/sources_1/imports/sources_1/imports/Downloads/helpers.v:163]
INFO: [Synth 8-6157] synthesizing module 'switch_edge' [C:/Users/BOBBY/Documents/GitHub/CSM152A/lab4/lab4/lab4.srcs/sources_1/imports/sources_1/imports/Downloads/helpers.v:193]
INFO: [Synth 8-6155] done synthesizing module 'switch_edge' (0#1) [C:/Users/BOBBY/Documents/GitHub/CSM152A/lab4/lab4/lab4.srcs/sources_1/imports/sources_1/imports/Downloads/helpers.v:193]
WARNING: [Synth 8-6090] variable 'points' is written by both blocking and non-blocking assignments, entire logic could be removed [C:/Users/BOBBY/Documents/GitHub/CSM152A/lab4/lab4/lab4.srcs/sources_1/imports/sources_1/imports/Downloads/game.v:114]
WARNING: [Synth 8-6090] variable 'switches_last' is written by both blocking and non-blocking assignments, entire logic could be removed [C:/Users/BOBBY/Documents/GitHub/CSM152A/lab4/lab4/lab4.srcs/sources_1/imports/sources_1/imports/Downloads/game.v:156]
INFO: [Synth 8-6155] done synthesizing module 'game' (0#1) [C:/Users/BOBBY/Documents/GitHub/CSM152A/lab4/lab4/lab4.srcs/sources_1/imports/sources_1/imports/Downloads/game.v:22]
INFO: [Synth 8-6157] synthesizing module 'countdown' [C:/Users/BOBBY/Documents/GitHub/CSM152A/lab4/lab4/lab4.srcs/sources_1/imports/sources_1/imports/Downloads/helpers.v:208]
INFO: [Synth 8-6155] done synthesizing module 'countdown' (0#1) [C:/Users/BOBBY/Documents/GitHub/CSM152A/lab4/lab4/lab4.srcs/sources_1/imports/sources_1/imports/Downloads/helpers.v:208]
INFO: [Synth 8-6157] synthesizing module 'clock_display' [C:/Users/BOBBY/Documents/GitHub/CSM152A/lab4/lab4/lab4.srcs/sources_1/imports/sources_1/imports/Downloads/helpers.v:87]
INFO: [Synth 8-6155] done synthesizing module 'clock_display' (0#1) [C:/Users/BOBBY/Documents/GitHub/CSM152A/lab4/lab4/lab4.srcs/sources_1/imports/sources_1/imports/Downloads/helpers.v:87]
INFO: [Synth 8-6155] done synthesizing module 'state_manager' (0#1) [C:/Users/BOBBY/Documents/GitHub/CSM152A/lab4/lab4/lab4.srcs/sources_1/imports/sources_1/imports/Downloads/game.v:173]
INFO: [Synth 8-6157] synthesizing module 'clock_divider' [C:/Users/BOBBY/Documents/GitHub/CSM152A/lab4/lab4/lab4.srcs/sources_1/imports/sources_1/imports/Downloads/helpers.v:22]
INFO: [Synth 8-6155] done synthesizing module 'clock_divider' (0#1) [C:/Users/BOBBY/Documents/GitHub/CSM152A/lab4/lab4/lab4.srcs/sources_1/imports/sources_1/imports/Downloads/helpers.v:22]
INFO: [Synth 8-6157] synthesizing module 'debouncer' [C:/Users/BOBBY/Documents/GitHub/CSM152A/lab4/lab4/lab4.srcs/sources_1/imports/sources_1/imports/Downloads/helpers.v:55]
INFO: [Synth 8-6155] done synthesizing module 'debouncer' (0#1) [C:/Users/BOBBY/Documents/GitHub/CSM152A/lab4/lab4/lab4.srcs/sources_1/imports/sources_1/imports/Downloads/helpers.v:55]
INFO: [Synth 8-6155] done synthesizing module 'whack_a_mole' (0#1) [C:/Users/BOBBY/Documents/GitHub/CSM152A/lab4/lab4/lab4.srcs/sources_1/imports/sources_1/new/whack_a_mole.v:23]
WARNING: [Synth 8-6014] Unused sequential element leds_on_reg was removed.  [C:/Users/BOBBY/Documents/GitHub/CSM152A/lab4/lab4/lab4.srcs/sources_1/imports/sources_1/imports/Downloads/game.v:82]
WARNING: [Synth 8-6014] Unused sequential element games_played_reg was removed.  [C:/Users/BOBBY/Documents/GitHub/CSM152A/lab4/lab4/lab4.srcs/sources_1/imports/sources_1/imports/Downloads/game.v:260]
WARNING: [Synth 8-6014] Unused sequential element high_score_reg was removed.  [C:/Users/BOBBY/Documents/GitHub/CSM152A/lab4/lab4/lab4.srcs/sources_1/imports/sources_1/imports/Downloads/game.v:261]
WARNING: [Synth 8-3917] design whack_a_mole has port dp driven by constant 0
WARNING: [Synth 8-7129] Port clk_2hz in module clock_display is either unconnected or has no load
WARNING: [Synth 8-7129] Port blink in module clock_display is either unconnected or has no load
WARNING: [Synth 8-7129] Port clk_1hz in module game is either unconnected or has no load
WARNING: [Synth 8-7129] Port clk_2hz in module game is either unconnected or has no load
WARNING: [Synth 8-7129] Port go in module state_manager is either unconnected or has no load
---------------------------------------------------------------------------------
Finished RTL Elaboration : Time (s): cpu = 00:00:09 ; elapsed = 00:00:10 . Memory (MB): peak = 1484.402 ; gain = 562.098
---------------------------------------------------------------------------------
---------------------------------------------------------------------------------
Start Handling Custom Attributes
---------------------------------------------------------------------------------
---------------------------------------------------------------------------------
Finished Handling Custom Attributes : Time (s): cpu = 00:00:09 ; elapsed = 00:00:10 . Memory (MB): peak = 1484.402 ; gain = 562.098
---------------------------------------------------------------------------------
---------------------------------------------------------------------------------
Finished RTL Optimization Phase 1 : Time (s): cpu = 00:00:09 ; elapsed = 00:00:10 . Memory (MB): peak = 1484.402 ; gain = 562.098
---------------------------------------------------------------------------------
Netlist sorting complete. Time (s): cpu = 00:00:00 ; elapsed = 00:00:00.011 . Memory (MB): peak = 1484.402 ; gain = 0.000
INFO: [Project 1-570] Preparing netlist for logic optimization

Processing XDC Constraints
Initializing timing engine
Parsing XDC File [C:/Users/BOBBY/Documents/GitHub/CSM152A/lab4/lab4/lab4.srcs/constrs_1/imports/new/basys3.xdc]
Finished Parsing XDC File [C:/Users/BOBBY/Documents/GitHub/CSM152A/lab4/lab4/lab4.srcs/constrs_1/imports/new/basys3.xdc]
INFO: [Project 1-236] Implementation specific constraints were found while reading constraint file [C:/Users/BOBBY/Documents/GitHub/CSM152A/lab4/lab4/lab4.srcs/constrs_1/imports/new/basys3.xdc]. These constraints will be ignored for synthesis but will be used in implementation. Impacted constraints are listed in the file [.Xil/whack_a_mole_propImpl.xdc].
Resolution: To avoid this warning, move constraints listed in [.Xil/whack_a_mole_propImpl.xdc] to another XDC file and exclude this new file from synthesis with the used_in_synthesis property (File Properties dialog in GUI) and re-run elaboration/synthesis.
Completed Processing XDC Constraints

Netlist sorting complete. Time (s): cpu = 00:00:00 ; elapsed = 00:00:00.001 . Memory (MB): peak = 1536.117 ; gain = 0.000
INFO: [Project 1-111] Unisim Transformation Summary:
No Unisim elements were transformed.

Constraint Validation Runtime : Time (s): cpu = 00:00:00 ; elapsed = 00:00:00.005 . Memory (MB): peak = 1536.117 ; gain = 0.000
INFO: [Designutils 20-5440] No compile time benefit to using incremental synthesis; A full resynthesis will be run
INFO: [Designutils 20-4379] Flow is switching to default flow due to incremental criteria not met. If you would like to alter this behaviour and have the flow terminate instead, please set the following parameter config_implementation {autoIncr.Synth.RejectBehavior Terminate}
---------------------------------------------------------------------------------
Finished Constraint Validation : Time (s): cpu = 00:00:20 ; elapsed = 00:00:21 . Memory (MB): peak = 1536.117 ; gain = 613.812
---------------------------------------------------------------------------------
---------------------------------------------------------------------------------
Start Loading Part and Timing Information
---------------------------------------------------------------------------------
Loading part: xc7a35tcpg236-1
---------------------------------------------------------------------------------
Finished Loading Part and Timing Information : Time (s): cpu = 00:00:20 ; elapsed = 00:00:21 . Memory (MB): peak = 1536.117 ; gain = 613.812
---------------------------------------------------------------------------------
---------------------------------------------------------------------------------
Start Applying 'set_property' XDC Constraints
---------------------------------------------------------------------------------
---------------------------------------------------------------------------------
Finished applying 'set_property' XDC Constraints : Time (s): cpu = 00:00:20 ; elapsed = 00:00:21 . Memory (MB): peak = 1536.117 ; gain = 613.812
---------------------------------------------------------------------------------
---------------------------------------------------------------------------------
Finished RTL Optimization Phase 2 : Time (s): cpu = 00:00:20 ; elapsed = 00:00:21 . Memory (MB): peak = 1536.117 ; gain = 613.812
---------------------------------------------------------------------------------
---------------------------------------------------------------------------------
Start RTL Component Statistics 
---------------------------------------------------------------------------------
Detailed RTL Component Info : 
+---Adders : 
	   2 Input    9 Bit       Adders := 19    
	   2 Input    8 Bit       Adders := 16    
	  17 Input    8 Bit       Adders := 1     
	   2 Input    7 Bit       Adders := 1     
	  16 Input    5 Bit       Adders := 1     
	   2 Input    2 Bit       Adders := 1     
+---XORs : 
	   4 Input      1 Bit         XORs := 1     
	   2 Input      1 Bit         XORs := 16    
+---Registers : 
	               16 Bit    Registers := 3     
	                9 Bit    Registers := 19    
	                8 Bit    Registers := 2     
	                7 Bit    Registers := 11    
	                5 Bit    Registers := 1     
	                4 Bit    Registers := 5     
	                2 Bit    Registers := 2     
	                1 Bit    Registers := 45    
+---Muxes : 
	   2 Input   16 Bit        Muxes := 1     
	   2 Input    8 Bit        Muxes := 17    
	   4 Input    7 Bit        Muxes := 1     
	   2 Input    7 Bit        Muxes := 5     
	   4 Input    4 Bit        Muxes := 1     
	   3 Input    2 Bit        Muxes := 1     
	   2 Input    1 Bit        Muxes := 3     
---------------------------------------------------------------------------------
Finished RTL Component Statistics 
---------------------------------------------------------------------------------
---------------------------------------------------------------------------------
Start Part Resource Summary
---------------------------------------------------------------------------------
Part Resources:
DSPs: 90 (col length:60)
BRAMs: 100 (col length: RAMB18 60 RAMB36 30)
---------------------------------------------------------------------------------
Finished Part Resource Summary
---------------------------------------------------------------------------------
---------------------------------------------------------------------------------
Start Cross Boundary and Area Optimization
---------------------------------------------------------------------------------
WARNING: [Synth 8-7080] Parallel synthesis criteria is not met
WARNING: [Synth 8-3917] design whack_a_mole has port dp driven by constant 0
WARNING: [Synth 8-7129] Port clk_2hz in module state_manager is either unconnected or has no load
WARNING: [Synth 8-7129] Port go in module state_manager is either unconnected or has no load
---------------------------------------------------------------------------------
Finished Cross Boundary and Area Optimization : Time (s): cpu = 00:00:27 ; elapsed = 00:00:28 . Memory (MB): peak = 1536.117 ; gain = 613.812
---------------------------------------------------------------------------------
---------------------------------------------------------------------------------
Start ROM, RAM, DSP, Shift Register and Retiming Reporting
---------------------------------------------------------------------------------

ROM: Preliminary Mapping Report
+--------------+---------------------+---------------+----------------+
|Module Name   | RTL Object          | Depth x Width | Implemented As | 
+--------------+---------------------+---------------+----------------+
|state_manager | display/display_seg | 32x7          | LUT            | 
+--------------+---------------------+---------------+----------------+

---------------------------------------------------------------------------------
Finished ROM, RAM, DSP, Shift Register and Retiming Reporting
---------------------------------------------------------------------------------
---------------------------------------------------------------------------------
Start Applying XDC Timing Constraints
---------------------------------------------------------------------------------
---------------------------------------------------------------------------------
Finished Applying XDC Timing Constraints : Time (s): cpu = 00:00:34 ; elapsed = 00:00:36 . Memory (MB): peak = 1536.117 ; gain = 613.812
---------------------------------------------------------------------------------
---------------------------------------------------------------------------------
Start Timing Optimization
---------------------------------------------------------------------------------
---------------------------------------------------------------------------------
Finished Timing Optimization : Time (s): cpu = 00:00:35 ; elapsed = 00:00:37 . Memory (MB): peak = 1536.117 ; gain = 613.812
---------------------------------------------------------------------------------
---------------------------------------------------------------------------------
Start Technology Mapping
---------------------------------------------------------------------------------
---------------------------------------------------------------------------------
Finished Technology Mapping : Time (s): cpu = 00:00:36 ; elapsed = 00:00:37 . Memory (MB): peak = 1536.117 ; gain = 613.812
---------------------------------------------------------------------------------
---------------------------------------------------------------------------------
Start IO Insertion
---------------------------------------------------------------------------------
---------------------------------------------------------------------------------
Start Flattening Before IO Insertion
---------------------------------------------------------------------------------
---------------------------------------------------------------------------------
Finished Flattening Before IO Insertion
---------------------------------------------------------------------------------
---------------------------------------------------------------------------------
Start Final Netlist Cleanup
---------------------------------------------------------------------------------
---------------------------------------------------------------------------------
Finished Final Netlist Cleanup
---------------------------------------------------------------------------------
---------------------------------------------------------------------------------
Finished IO Insertion : Time (s): cpu = 00:00:42 ; elapsed = 00:00:44 . Memory (MB): peak = 1536.117 ; gain = 613.812
---------------------------------------------------------------------------------
---------------------------------------------------------------------------------
Start Renaming Generated Instances
---------------------------------------------------------------------------------
---------------------------------------------------------------------------------
Finished Renaming Generated Instances : Time (s): cpu = 00:00:42 ; elapsed = 00:00:44 . Memory (MB): peak = 1536.117 ; gain = 613.812
---------------------------------------------------------------------------------
---------------------------------------------------------------------------------
Start Rebuilding User Hierarchy
---------------------------------------------------------------------------------
---------------------------------------------------------------------------------
Finished Rebuilding User Hierarchy : Time (s): cpu = 00:00:42 ; elapsed = 00:00:44 . Memory (MB): peak = 1536.117 ; gain = 613.812
---------------------------------------------------------------------------------
---------------------------------------------------------------------------------
Start Renaming Generated Ports
---------------------------------------------------------------------------------
---------------------------------------------------------------------------------
Finished Renaming Generated Ports : Time (s): cpu = 00:00:42 ; elapsed = 00:00:44 . Memory (MB): peak = 1536.117 ; gain = 613.812
---------------------------------------------------------------------------------
---------------------------------------------------------------------------------
Start Handling Custom Attributes
---------------------------------------------------------------------------------
---------------------------------------------------------------------------------
Finished Handling Custom Attributes : Time (s): cpu = 00:00:43 ; elapsed = 00:00:44 . Memory (MB): peak = 1536.117 ; gain = 613.812
---------------------------------------------------------------------------------
---------------------------------------------------------------------------------
Start Renaming Generated Nets
---------------------------------------------------------------------------------
---------------------------------------------------------------------------------
Finished Renaming Generated Nets : Time (s): cpu = 00:00:43 ; elapsed = 00:00:44 . Memory (MB): peak = 1536.117 ; gain = 613.812
---------------------------------------------------------------------------------
---------------------------------------------------------------------------------
Start ROM, RAM, DSP, Shift Register and Retiming Reporting
---------------------------------------------------------------------------------

Static Shift Register Report:
+-------------+-----------------------------------+--------+-------+--------------+--------------------+-------------------+--------+---------+
|Module Name  | RTL Name                          | Length | Width | Reset Signal | Pull out first Reg | Pull out last Reg | SRL16E | SRLC32E | 
+-------------+-----------------------------------+--------+-------+--------------+--------------------+-------------------+--------+---------+
|whack_a_mole | manager/play_game/rng/lfsr_reg[6] | 3      | 1     | NO           | NO                 | YES               | 1      | 0       | 
+-------------+-----------------------------------+--------+-------+--------------+--------------------+-------------------+--------+---------+

---------------------------------------------------------------------------------
Finished ROM, RAM, DSP, Shift Register and Retiming Reporting
---------------------------------------------------------------------------------
---------------------------------------------------------------------------------
Start Writing Synthesis Report
---------------------------------------------------------------------------------

Report BlackBoxes: 
+-+--------------+----------+
| |BlackBox name |Instances |
+-+--------------+----------+
+-+--------------+----------+

Report Cell Usage: 
+------+-------+------+
|      |Cell   |Count |
+------+-------+------+
|1     |BUFG   |     2|
|2     |CARRY4 |    30|
|3     |LUT1   |    30|
|4     |LUT2   |    72|
|5     |LUT3   |   102|
|6     |LUT4   |   122|
|7     |LUT5   |    70|
|8     |LUT6   |   143|
|9     |SRL16E |     1|
|10    |FDRE   |   376|
|11    |FDSE   |    11|
|12    |IBUF   |    19|
|13    |OBUF   |    28|
+------+-------+------+
---------------------------------------------------------------------------------
Finished Writing Synthesis Report : Time (s): cpu = 00:00:43 ; elapsed = 00:00:44 . Memory (MB): peak = 1536.117 ; gain = 613.812
---------------------------------------------------------------------------------
Synthesis finished with 0 errors, 0 critical warnings and 4 warnings.
Synthesis Optimization Runtime : Time (s): cpu = 00:00:32 ; elapsed = 00:00:42 . Memory (MB): peak = 1536.117 ; gain = 562.098
Synthesis Optimization Complete : Time (s): cpu = 00:00:43 ; elapsed = 00:00:44 . Memory (MB): peak = 1536.117 ; gain = 613.812
INFO: [Project 1-571] Translating synthesized netlist
Netlist sorting complete. Time (s): cpu = 00:00:00 ; elapsed = 00:00:00.010 . Memory (MB): peak = 1536.117 ; gain = 0.000
INFO: [Netlist 29-17] Analyzing 30 Unisim elements for replacement
INFO: [Netlist 29-28] Unisim Transformation completed in 0 CPU seconds
INFO: [Project 1-570] Preparing netlist for logic optimization
INFO: [Opt 31-138] Pushed 0 inverter(s) to 0 load pin(s).
Netlist sorting complete. Time (s): cpu = 00:00:00 ; elapsed = 00:00:00 . Memory (MB): peak = 1536.117 ; gain = 0.000
INFO: [Project 1-111] Unisim Transformation Summary:
No Unisim elements were transformed.

Synth Design complete | Checksum: 3a94ebdb
INFO: [Common 17-83] Releasing license: Synthesis
40 Infos, 15 Warnings, 0 Critical Warnings and 0 Errors encountered.
synth_design completed successfully
synth_design: Time (s): cpu = 00:00:50 ; elapsed = 00:00:51 . Memory (MB): peak = 1536.117 ; gain = 1007.551
Write ShapeDB Complete: Time (s): cpu = 00:00:00 ; elapsed = 00:00:00.003 . Memory (MB): peak = 1536.117 ; gain = 0.000
INFO: [Common 17-1381] The checkpoint 'C:/Users/BOBBY/Documents/GitHub/CSM152A/lab4/lab4/lab4.runs/synth_1/whack_a_mole.dcp' has been generated.
INFO: [Vivado 12-24828] Executing command : report_utilization -file whack_a_mole_utilization_synth.rpt -pb whack_a_mole_utilization_synth.pb
INFO: [Common 17-206] Exiting Vivado at Thu Dec  5 04:00:36 2024...
