Vivado Simulator 2018.2
Time resolution is 1 ps
Time: 0ns, Reset: 1, Q: xxxx
Time: 10ns, Reset: 0, Q: xxxx
Time: 15ns, Reset: 0, Q: 0000
Time: 25ns, Reset: 0, Q: 0001
Time: 35ns, Reset: 0, Q: 0010
Time: 45ns, Reset: 0, Q: 0011
Time: 55ns, Reset: 0, Q: 0100
Time: 65ns, Reset: 0, Q: 0101
Time: 75ns, Reset: 0, Q: 0110
Time: 85ns, Reset: 0, Q: 0111
Time: 95ns, Reset: 0, Q: 1000
Time: 105ns, Reset: 0, Q: 1001
Time: 115ns, Reset: 0, Q: 1010
Time: 125ns, Reset: 0, Q: 1011
Time: 135ns, Reset: 0, Q: 1100
Time: 145ns, Reset: 0, Q: 1101
Time: 155ns, Reset: 0, Q: 1110
Time: 165ns, Reset: 0, Q: 1111
Time: 175ns, Reset: 0, Q: 0000
Time: 185ns, Reset: 0, Q: 0001
Time: 195ns, Reset: 0, Q: 0010
Time: 205ns, Reset: 0, Q: 0011
Time: 215ns, Reset: 0, Q: 0100
Time: 225ns, Reset: 0, Q: 0101
Time: 235ns, Reset: 0, Q: 0110
Time: 245ns, Reset: 0, Q: 0111
Time: 255ns, Reset: 0, Q: 1000
Time: 265ns, Reset: 0, Q: 1001
Time: 275ns, Reset: 0, Q: 1010
Time: 285ns, Reset: 0, Q: 1011
Time: 295ns, Reset: 0, Q: 1100
Time: 305ns, Reset: 0, Q: 1101
Time: 315ns, Reset: 0, Q: 1110
Time: 325ns, Reset: 0, Q: 1111
Time: 335ns, Reset: 0, Q: 0000
Time: 345ns, Reset: 0, Q: 0001
Time: 355ns, Reset: 0, Q: 0010
Time: 365ns, Reset: 0, Q: 0011
Time: 375ns, Reset: 0, Q: 0100
Time: 385ns, Reset: 0, Q: 0101
Time: 395ns, Reset: 0, Q: 0110
Time: 405ns, Reset: 0, Q: 0111
Time: 415ns, Reset: 0, Q: 1000
Time: 425ns, Reset: 0, Q: 1001
Time: 435ns, Reset: 0, Q: 1010
Time: 445ns, Reset: 0, Q: 1011
Time: 455ns, Reset: 0, Q: 1100
Time: 465ns, Reset: 0, Q: 1101
Time: 475ns, Reset: 0, Q: 1110
Time: 485ns, Reset: 0, Q: 1111
Time: 495ns, Reset: 0, Q: 0000
Time: 505ns, Reset: 0, Q: 0001
$finish called at time : 510 ns : File "C:/Users/Student/KaiEmanuel/lab0/project_1/project_1.srcs/sim_1/new/tb_four_bit_counters.v" Line 41
