
*** Running vivado
    with args -log fpcvt.vds -m64 -product Vivado -mode batch -messageDb vivado.pb -notrace -source fpcvt.tcl


****** Vivado v2018.2 (64-bit)
  **** SW Build 2258646 on Thu Jun 14 20:03:12 MDT 2018
  **** IP Build 2256618 on Thu Jun 14 22:10:49 MDT 2018
    ** Copyright 1986-2018 Xilinx, Inc. All Rights Reserved.

source fpcvt.tcl -notrace
Command: synth_design -top fpcvt -part xc7a35tcpg236-1
Starting synth_design
Attempting to get a license for feature 'Synthesis' and/or device 'xc7a35t'
INFO: [Common 17-349] Got license for feature 'Synthesis' and/or device 'xc7a35t'
INFO: Launching helper process for spawning children vivado processes
INFO: Helper process launched with PID 8720 
---------------------------------------------------------------------------------
Starting Synthesize : Time (s): cpu = 00:00:02 ; elapsed = 00:00:03 . Memory (MB): peak = 355.953 ; gain = 99.203
---------------------------------------------------------------------------------
INFO: [Synth 8-6157] synthesizing module 'fpcvt' [C:/Users/Student/KaiEmanuel/lab2/lab2.srcs/sources_1/new/fpcvt.v:23]
ERROR: [Synth 8-36] 'format_complement' is not declared [C:/Users/Student/KaiEmanuel/lab2/lab2.srcs/sources_1/new/fpcvt.v:33]
ERROR: [Synth 8-6156] failed synthesizing module 'fpcvt' [C:/Users/Student/KaiEmanuel/lab2/lab2.srcs/sources_1/new/fpcvt.v:23]
---------------------------------------------------------------------------------
Finished Synthesize : Time (s): cpu = 00:00:02 ; elapsed = 00:00:04 . Memory (MB): peak = 411.445 ; gain = 154.695
---------------------------------------------------------------------------------
synthesize failed
INFO: [Common 17-83] Releasing license: Synthesis
3 Infos, 0 Warnings, 0 Critical Warnings and 3 Errors encountered.
synth_design failed
ERROR: [Common 17-69] Command failed: Vivado Synthesis failed
INFO: [Common 17-206] Exiting Vivado at Tue Oct 22 10:49:22 2024...
